[2025-05-14T19:58:57.725332+00:00] app.ERROR: Error creating monitor: An exception occurred while executing a query: SQLSTATE[22P02]: Invalid text representation: 7 ERROR:  invalid input syntax for type boolean: "" CONTEXT:  unnamed portal parameter $9 = '' [] []
[2025-05-14T19:58:57.727738+00:00] app.ERROR: Error creating monitor: An exception occurred while executing a query: SQLSTATE[22P02]: Invalid text representation: 7 ERROR:  invalid input syntax for type boolean: "" CONTEXT:  unnamed portal parameter $9 = '' [] []
[2025-05-14T19:59:08.185910+00:00] app.INFO: Deleted monitor with ID: 8 [] []
[2025-05-14T20:44:38.929172+00:00] app.ERROR: Error updating monitor: An exception occurred while executing a query: SQLSTATE[22P02]: Invalid text representation: 7 ERROR:  invalid input syntax for type boolean: "" CONTEXT:  unnamed portal parameter $9 = '' [] []
[2025-05-14T20:44:38.932308+00:00] app.ERROR: Error updating monitor: An exception occurred while executing a query: SQLSTATE[22P02]: Invalid text representation: 7 ERROR:  invalid input syntax for type boolean: "" CONTEXT:  unnamed portal parameter $9 = '' [] []
[2025-05-14T20:49:08.315796+00:00] app.ERROR: Error creating monitor: An exception occurred while executing a query: SQLSTATE[22P02]: Invalid text representation: 7 ERROR:  invalid input syntax for type boolean: "" CONTEXT:  unnamed portal parameter $9 = '' [] []
[2025-05-14T20:49:08.317544+00:00] app.ERROR: Error creating monitor: An exception occurred while executing a query: SQLSTATE[22P02]: Invalid text representation: 7 ERROR:  invalid input syntax for type boolean: "" CONTEXT:  unnamed portal parameter $9 = '' [] []
[2025-05-14T20:49:22.191415+00:00] app.INFO: Attempting to delete monitor with ID: 7 [] []
[2025-05-14T20:49:22.208310+00:00] app.INFO: Deleted monitor with ID: 7 [] []
[2025-05-14T20:49:22.208394+00:00] app.INFO: Successfully deleted monitor with ID: 7 from project: 2 [] []
[2025-05-14T20:53:44.101383+00:00] app.INFO: Attempting to delete monitor with ID: 7 [] []
[2025-05-14T20:53:44.124267+00:00] app.WARNING: Monitor not found for deletion: 7 [] []
[2025-05-14T20:53:52.199045+00:00] app.INFO: Attempting to delete monitor with ID: 6 [] []
[2025-05-14T20:53:52.216319+00:00] app.INFO: Deleted monitor with ID: 6 [] []
[2025-05-14T20:53:52.216431+00:00] app.INFO: Successfully deleted monitor with ID: 6 from project: 1 [] []
[2025-05-14T21:10:40.264489+00:00] app.INFO: Attempting to delete monitor with ID: 1 [] []
[2025-05-14T21:10:40.285816+00:00] app.INFO: Deleted monitor with ID: 1 [] []
[2025-05-14T21:10:40.285891+00:00] app.INFO: Successfully deleted monitor with ID: 1 from project: 1 [] []
[2025-05-14T21:26:23.132482+00:00] app.INFO: Attempting to delete monitor with ID: 2 [] []
[2025-05-14T21:26:23.148408+00:00] app.INFO: Deleted monitor with ID: 2 [] []
[2025-05-14T21:26:23.148493+00:00] app.INFO: Successfully deleted monitor with ID: 2 from project: 1 [] []
[2025-05-14T21:26:28.758242+00:00] app.INFO: Attempting to delete monitor with ID: 5 [] []
[2025-05-14T21:26:28.773273+00:00] app.INFO: Deleted monitor with ID: 5 [] []
[2025-05-14T21:26:28.773360+00:00] app.INFO: Successfully deleted monitor with ID: 5 from project: 1 [] []
